<?xml version="1.0" encoding="UTF-8" standalone="yes"?><!DOCTYPE report PUBLIC "-//JACOCO//DTD Report 1.1//EN" "report.dtd">
<report name="JaCoCo Coverage Report">
    <sessioninfo id="c02xk401jgh5.appiancorp.com-b3984ec5" start="1560987080178" dump="1560987085000"/>
    <package name="com/dog/app/dogs">
        <class name="com/dog/app/dogs/Perdita" sourcefilename="Perdita.java">
            <method name="&lt;init&gt;" desc="()V" line="6">
                <counter type="INSTRUCTION" missed="0" covered="3"/>
                <counter type="LINE" missed="0" covered="1"/>
                <counter type="COMPLEXITY" missed="0" covered="1"/>
                <counter type="METHOD" missed="0" covered="1"/>
            </method>
            <method name="getName" desc="()Ljava/lang/String;" line="9">
                <counter type="INSTRUCTION" missed="2" covered="0"/>
                <counter type="LINE" missed="1" covered="0"/>
                <counter type="COMPLEXITY" missed="1" covered="0"/>
                <counter type="METHOD" missed="1" covered="0"/>
            </method>
            <counter type="INSTRUCTION" missed="2" covered="3"/>
            <counter type="LINE" missed="1" covered="1"/>
            <counter type="COMPLEXITY" missed="1" covered="1"/>
            <counter type="METHOD" missed="1" covered="1"/>
            <counter type="CLASS" missed="0" covered="1"/>
        </class>
        <class name="com/dog/app/dogs/Dog" sourcefilename="Dog.java"/>
        <class name="com/dog/app/dogs/Pongo" sourcefilename="Pongo.java">
            <method name="&lt;init&gt;" desc="()V" line="6">
                <counter type="INSTRUCTION" missed="0" covered="3"/>
                <counter type="LINE" missed="0" covered="1"/>
                <counter type="COMPLEXITY" missed="0" covered="1"/>
                <counter type="METHOD" missed="0" covered="1"/>
            </method>
            <method name="getName" desc="()Ljava/lang/String;" line="9">
                <counter type="INSTRUCTION" missed="2" covered="0"/>
                <counter type="LINE" missed="1" covered="0"/>
                <counter type="COMPLEXITY" missed="1" covered="0"/>
                <counter type="METHOD" missed="1" covered="0"/>
            </method>
            <counter type="INSTRUCTION" missed="2" covered="3"/>
            <counter type="LINE" missed="1" covered="1"/>
            <counter type="COMPLEXITY" missed="1" covered="1"/>
            <counter type="METHOD" missed="1" covered="1"/>
            <counter type="CLASS" missed="0" covered="1"/>
        </class>
        <sourcefile name="Perdita.java">
            <line nr="6" mi="0" ci="3" mb="0" cb="0"/>
            <line nr="9" mi="2" ci="0" mb="0" cb="0"/>
            <counter type="INSTRUCTION" missed="2" covered="3"/>
            <counter type="LINE" missed="1" covered="1"/>
            <counter type="COMPLEXITY" missed="1" covered="1"/>
            <counter type="METHOD" missed="1" covered="1"/>
            <counter type="CLASS" missed="0" covered="1"/>
        </sourcefile>
        <sourcefile name="Dog.java"/>
        <sourcefile name="Pongo.java">
            <line nr="6" mi="0" ci="3" mb="0" cb="0"/>
            <line nr="9" mi="2" ci="0" mb="0" cb="0"/>
            <counter type="INSTRUCTION" missed="2" covered="3"/>
            <counter type="LINE" missed="1" covered="1"/>
            <counter type="COMPLEXITY" missed="1" covered="1"/>
            <counter type="METHOD" missed="1" covered="1"/>
            <counter type="CLASS" missed="0" covered="1"/>
        </sourcefile>
        <counter type="INSTRUCTION" missed="4" covered="6"/>
        <counter type="LINE" missed="2" covered="2"/>
        <counter type="COMPLEXITY" missed="2" covered="2"/>
        <counter type="METHOD" missed="2" covered="2"/>
        <counter type="CLASS" missed="0" covered="2"/>
    </package>
    <package name="com/dog/app/walkers">
        <class name="com/dog/app/walkers/Jeff" sourcefilename="Jeff.java">
            <method name="&lt;init&gt;" desc="()V" line="12">
                <counter type="INSTRUCTION" missed="0" covered="3"/>
                <counter type="LINE" missed="0" covered="1"/>
                <counter type="COMPLEXITY" missed="0" covered="1"/>
                <counter type="METHOD" missed="0" covered="1"/>
            </method>
            <method name="getName" desc="()Ljava/lang/String;" line="19">
                <counter type="INSTRUCTION" missed="2" covered="0"/>
                <counter type="LINE" missed="1" covered="0"/>
                <counter type="COMPLEXITY" missed="1" covered="0"/>
                <counter type="METHOD" missed="1" covered="0"/>
            </method>
            <method name="getDogs" desc="()Ljava/util/List;" line="24">
                <counter type="INSTRUCTION" missed="4" covered="0"/>
                <counter type="LINE" missed="1" covered="0"/>
                <counter type="COMPLEXITY" missed="1" covered="0"/>
                <counter type="METHOD" missed="1" covered="0"/>
            </method>
            <counter type="INSTRUCTION" missed="6" covered="3"/>
            <counter type="LINE" missed="2" covered="1"/>
            <counter type="COMPLEXITY" missed="2" covered="1"/>
            <counter type="METHOD" missed="2" covered="1"/>
            <counter type="CLASS" missed="0" covered="1"/>
        </class>
        <class name="com/dog/app/walkers/David" sourcefilename="David.java">
            <method name="&lt;init&gt;" desc="()V" line="10">
                <counter type="INSTRUCTION" missed="0" covered="3"/>
                <counter type="LINE" missed="0" covered="1"/>
                <counter type="COMPLEXITY" missed="0" covered="1"/>
                <counter type="METHOD" missed="0" covered="1"/>
            </method>
            <method name="getName" desc="()Ljava/lang/String;" line="16">
                <counter type="INSTRUCTION" missed="2" covered="0"/>
                <counter type="LINE" missed="1" covered="0"/>
                <counter type="COMPLEXITY" missed="1" covered="0"/>
                <counter type="METHOD" missed="1" covered="0"/>
            </method>
            <method name="getDogs" desc="()Ljava/util/List;" line="21">
                <counter type="INSTRUCTION" missed="3" covered="0"/>
                <counter type="LINE" missed="1" covered="0"/>
                <counter type="COMPLEXITY" missed="1" covered="0"/>
                <counter type="METHOD" missed="1" covered="0"/>
            </method>
            <counter type="INSTRUCTION" missed="5" covered="3"/>
            <counter type="LINE" missed="2" covered="1"/>
            <counter type="COMPLEXITY" missed="2" covered="1"/>
            <counter type="METHOD" missed="2" covered="1"/>
            <counter type="CLASS" missed="0" covered="1"/>
        </class>
        <class name="com/dog/app/walkers/DogWalker" sourcefilename="DogWalker.java"/>
        <sourcefile name="Jeff.java">
            <line nr="12" mi="0" ci="3" mb="0" cb="0"/>
            <line nr="19" mi="2" ci="0" mb="0" cb="0"/>
            <line nr="24" mi="4" ci="0" mb="0" cb="0"/>
            <counter type="INSTRUCTION" missed="6" covered="3"/>
            <counter type="LINE" missed="2" covered="1"/>
            <counter type="COMPLEXITY" missed="2" covered="1"/>
            <counter type="METHOD" missed="2" covered="1"/>
            <counter type="CLASS" missed="0" covered="1"/>
        </sourcefile>
        <sourcefile name="DogWalker.java"/>
        <sourcefile name="David.java">
            <line nr="10" mi="0" ci="3" mb="0" cb="0"/>
            <line nr="16" mi="2" ci="0" mb="0" cb="0"/>
            <line nr="21" mi="3" ci="0" mb="0" cb="0"/>
            <counter type="INSTRUCTION" missed="5" covered="3"/>
            <counter type="LINE" missed="2" covered="1"/>
            <counter type="COMPLEXITY" missed="2" covered="1"/>
            <counter type="METHOD" missed="2" covered="1"/>
            <counter type="CLASS" missed="0" covered="1"/>
        </sourcefile>
        <counter type="INSTRUCTION" missed="11" covered="6"/>
        <counter type="LINE" missed="4" covered="2"/>
        <counter type="COMPLEXITY" missed="4" covered="2"/>
        <counter type="METHOD" missed="4" covered="2"/>
        <counter type="CLASS" missed="0" covered="2"/>
    </package>
    <package name="com/dog/app">
        <class name="com/dog/app/Application$$EnhancerBySpringCGLIB$$657b4fc4" sourcefilename="&lt;generated&gt;">
            <method name="CGLIB$STATICHOOK1" desc="()V">
                <counter type="INSTRUCTION" missed="1" covered="39"/>
                <counter type="COMPLEXITY" missed="0" covered="1"/>
                <counter type="METHOD" missed="0" covered="1"/>
            </method>
            <method name="CGLIB$setBeanFactory$4" desc="(Lorg/springframework/beans/factory/BeanFactory;)V">
                <counter type="INSTRUCTION" missed="4" covered="0"/>
                <counter type="COMPLEXITY" missed="1" covered="0"/>
                <counter type="METHOD" missed="1" covered="0"/>
            </method>
            <method name="setBeanFactory" desc="(Lorg/springframework/beans/factory/BeanFactory;)V">
                <counter type="INSTRUCTION" missed="9" covered="17"/>
                <counter type="BRANCH" missed="2" covered="2"/>
                <counter type="COMPLEXITY" missed="2" covered="1"/>
                <counter type="METHOD" missed="0" covered="1"/>
            </method>
            <method name="CGLIB$findMethodProxy" desc="(Lorg/springframework/cglib/core/Signature;)Lorg/springframework/cglib/proxy/MethodProxy;">
                <counter type="INSTRUCTION" missed="13" covered="0"/>
                <counter type="BRANCH" missed="4" covered="0"/>
                <counter type="COMPLEXITY" missed="3" covered="0"/>
                <counter type="METHOD" missed="1" covered="0"/>
            </method>
            <method name="&lt;init&gt;" desc="()V">
                <counter type="INSTRUCTION" missed="0" covered="5"/>
                <counter type="COMPLEXITY" missed="0" covered="1"/>
                <counter type="METHOD" missed="0" covered="1"/>
            </method>
            <method name="CGLIB$SET_THREAD_CALLBACKS" desc="([Lorg/springframework/cglib/proxy/Callback;)V">
                <counter type="INSTRUCTION" missed="4" covered="0"/>
                <counter type="COMPLEXITY" missed="1" covered="0"/>
                <counter type="METHOD" missed="1" covered="0"/>
            </method>
            <method name="CGLIB$SET_STATIC_CALLBACKS" desc="([Lorg/springframework/cglib/proxy/Callback;)V">
                <counter type="INSTRUCTION" missed="0" covered="3"/>
                <counter type="COMPLEXITY" missed="0" covered="1"/>
                <counter type="METHOD" missed="0" covered="1"/>
            </method>
            <method name="CGLIB$BIND_CALLBACKS" desc="(Ljava/lang/Object;)V">
                <counter type="INSTRUCTION" missed="2" covered="35"/>
                <counter type="BRANCH" missed="3" covered="3"/>
                <counter type="COMPLEXITY" missed="3" covered="1"/>
                <counter type="METHOD" missed="0" covered="1"/>
            </method>
            <method name="&lt;clinit&gt;" desc="()V">
                <counter type="INSTRUCTION" missed="0" covered="3"/>
                <counter type="COMPLEXITY" missed="0" covered="1"/>
                <counter type="METHOD" missed="0" covered="1"/>
            </method>
            <method name="CGLIB$STATICHOOK2" desc="()V">
                <counter type="INSTRUCTION" missed="0" covered="1"/>
                <counter type="COMPLEXITY" missed="0" covered="1"/>
                <counter type="METHOD" missed="0" covered="1"/>
            </method>
            <counter type="INSTRUCTION" missed="33" covered="103"/>
            <counter type="BRANCH" missed="9" covered="5"/>
            <counter type="COMPLEXITY" missed="10" covered="7"/>
            <counter type="METHOD" missed="3" covered="7"/>
            <counter type="CLASS" missed="0" covered="1"/>
        </class>
        <class name="com/dog/app/Application$$EnhancerBySpringCGLIB$$4da798d8" sourcefilename="&lt;generated&gt;">
            <method name="CGLIB$STATICHOOK1" desc="()V">
                <counter type="INSTRUCTION" missed="40" covered="0"/>
                <counter type="COMPLEXITY" missed="1" covered="0"/>
                <counter type="METHOD" missed="1" covered="0"/>
            </method>
            <method name="CGLIB$setBeanFactory$4" desc="(Lorg/springframework/beans/factory/BeanFactory;)V">
                <counter type="INSTRUCTION" missed="4" covered="0"/>
                <counter type="COMPLEXITY" missed="1" covered="0"/>
                <counter type="METHOD" missed="1" covered="0"/>
            </method>
            <method name="setBeanFactory" desc="(Lorg/springframework/beans/factory/BeanFactory;)V">
                <counter type="INSTRUCTION" missed="26" covered="0"/>
                <counter type="BRANCH" missed="4" covered="0"/>
                <counter type="COMPLEXITY" missed="3" covered="0"/>
                <counter type="METHOD" missed="1" covered="0"/>
            </method>
            <method name="CGLIB$findMethodProxy" desc="(Lorg/springframework/cglib/core/Signature;)Lorg/springframework/cglib/proxy/MethodProxy;">
                <counter type="INSTRUCTION" missed="13" covered="0"/>
                <counter type="BRANCH" missed="4" covered="0"/>
                <counter type="COMPLEXITY" missed="3" covered="0"/>
                <counter type="METHOD" missed="1" covered="0"/>
            </method>
            <method name="&lt;init&gt;" desc="()V">
                <counter type="INSTRUCTION" missed="5" covered="0"/>
                <counter type="COMPLEXITY" missed="1" covered="0"/>
                <counter type="METHOD" missed="1" covered="0"/>
            </method>
            <method name="CGLIB$SET_THREAD_CALLBACKS" desc="([Lorg/springframework/cglib/proxy/Callback;)V">
                <counter type="INSTRUCTION" missed="4" covered="0"/>
                <counter type="COMPLEXITY" missed="1" covered="0"/>
                <counter type="METHOD" missed="1" covered="0"/>
            </method>
            <method name="CGLIB$SET_STATIC_CALLBACKS" desc="([Lorg/springframework/cglib/proxy/Callback;)V">
                <counter type="INSTRUCTION" missed="3" covered="0"/>
                <counter type="COMPLEXITY" missed="1" covered="0"/>
                <counter type="METHOD" missed="1" covered="0"/>
            </method>
            <method name="CGLIB$BIND_CALLBACKS" desc="(Ljava/lang/Object;)V">
                <counter type="INSTRUCTION" missed="37" covered="0"/>
                <counter type="BRANCH" missed="6" covered="0"/>
                <counter type="COMPLEXITY" missed="4" covered="0"/>
                <counter type="METHOD" missed="1" covered="0"/>
            </method>
            <method name="&lt;clinit&gt;" desc="()V">
                <counter type="INSTRUCTION" missed="3" covered="0"/>
                <counter type="COMPLEXITY" missed="1" covered="0"/>
                <counter type="METHOD" missed="1" covered="0"/>
            </method>
            <method name="CGLIB$STATICHOOK2" desc="()V">
                <counter type="INSTRUCTION" missed="1" covered="0"/>
                <counter type="COMPLEXITY" missed="1" covered="0"/>
                <counter type="METHOD" missed="1" covered="0"/>
            </method>
            <counter type="INSTRUCTION" missed="136" covered="0"/>
            <counter type="BRANCH" missed="14" covered="0"/>
            <counter type="COMPLEXITY" missed="17" covered="0"/>
            <counter type="METHOD" missed="10" covered="0"/>
            <counter type="CLASS" missed="1" covered="0"/>
        </class>
        <class name="com/dog/app/DogWalkingSchedulingController" sourcefilename="DogWalkingSchedulingController.java">
            <method name="&lt;init&gt;" desc="(Ljava/util/List;)V" line="22">
                <counter type="INSTRUCTION" missed="0" covered="6"/>
                <counter type="LINE" missed="0" covered="3"/>
                <counter type="COMPLEXITY" missed="0" covered="1"/>
                <counter type="METHOD" missed="0" covered="1"/>
            </method>
            <method name="getDogWalkers" desc="()Ljava/util/List;" line="28">
                <counter type="INSTRUCTION" missed="3" covered="0"/>
                <counter type="LINE" missed="1" covered="0"/>
                <counter type="COMPLEXITY" missed="1" covered="0"/>
                <counter type="METHOD" missed="1" covered="0"/>
            </method>
            <method name="getDogWalker" desc="(Ljava/lang/String;)Lcom/dog/app/walkers/DogWalker;" line="33">
                <counter type="INSTRUCTION" missed="11" covered="0"/>
                <counter type="LINE" missed="4" covered="0"/>
                <counter type="COMPLEXITY" missed="1" covered="0"/>
                <counter type="METHOD" missed="1" covered="0"/>
            </method>
            <method name="getWalkersDogs" desc="(Ljava/lang/String;)Ljava/util/List;" line="46">
                <counter type="INSTRUCTION" missed="14" covered="0"/>
                <counter type="LINE" missed="5" covered="0"/>
                <counter type="COMPLEXITY" missed="1" covered="0"/>
                <counter type="METHOD" missed="1" covered="0"/>
            </method>
            <method name="lambda$getWalkersDogs$1" desc="(Ljava/lang/String;Lcom/dog/app/walkers/DogWalker;)Z" line="47">
                <counter type="INSTRUCTION" missed="5" covered="0"/>
                <counter type="LINE" missed="1" covered="0"/>
                <counter type="COMPLEXITY" missed="1" covered="0"/>
                <counter type="METHOD" missed="1" covered="0"/>
            </method>
            <method name="lambda$getDogWalker$0" desc="(Ljava/lang/String;Lcom/dog/app/walkers/DogWalker;)Z" line="34">
                <counter type="INSTRUCTION" missed="5" covered="0"/>
                <counter type="LINE" missed="1" covered="0"/>
                <counter type="COMPLEXITY" missed="1" covered="0"/>
                <counter type="METHOD" missed="1" covered="0"/>
            </method>
            <counter type="INSTRUCTION" missed="38" covered="6"/>
            <counter type="LINE" missed="10" covered="3"/>
            <counter type="COMPLEXITY" missed="5" covered="1"/>
            <counter type="METHOD" missed="5" covered="1"/>
            <counter type="CLASS" missed="0" covered="1"/>
        </class>
        <class name="com/dog/app/Application" sourcefilename="Application.java">
            <method name="&lt;init&gt;" desc="()V" line="21">
                <counter type="INSTRUCTION" missed="0" covered="3"/>
                <counter type="LINE" missed="0" covered="1"/>
                <counter type="COMPLEXITY" missed="0" covered="1"/>
                <counter type="METHOD" missed="0" covered="1"/>
            </method>
            <method name="main" desc="([Ljava/lang/String;)V" line="23">
                <counter type="INSTRUCTION" missed="0" covered="5"/>
                <counter type="LINE" missed="0" covered="2"/>
                <counter type="COMPLEXITY" missed="0" covered="1"/>
                <counter type="METHOD" missed="0" covered="1"/>
            </method>
            <counter type="INSTRUCTION" missed="0" covered="8"/>
            <counter type="LINE" missed="0" covered="3"/>
            <counter type="COMPLEXITY" missed="0" covered="2"/>
            <counter type="METHOD" missed="0" covered="2"/>
            <counter type="CLASS" missed="0" covered="1"/>
        </class>
        <sourcefile name="DogWalkingSchedulingController.java">
            <line nr="22" mi="0" ci="2" mb="0" cb="0"/>
            <line nr="23" mi="0" ci="3" mb="0" cb="0"/>
            <line nr="24" mi="0" ci="1" mb="0" cb="0"/>
            <line nr="28" mi="3" ci="0" mb="0" cb="0"/>
            <line nr="33" mi="6" ci="0" mb="0" cb="0"/>
            <line nr="34" mi="6" ci="0" mb="0" cb="0"/>
            <line nr="35" mi="2" ci="0" mb="0" cb="0"/>
            <line nr="36" mi="2" ci="0" mb="0" cb="0"/>
            <line nr="46" mi="5" ci="0" mb="0" cb="0"/>
            <line nr="47" mi="6" ci="0" mb="0" cb="0"/>
            <line nr="48" mi="2" ci="0" mb="0" cb="0"/>
            <line nr="49" mi="3" ci="0" mb="0" cb="0"/>
            <line nr="50" mi="3" ci="0" mb="0" cb="0"/>
            <counter type="INSTRUCTION" missed="38" covered="6"/>
            <counter type="LINE" missed="10" covered="3"/>
            <counter type="COMPLEXITY" missed="5" covered="1"/>
            <counter type="METHOD" missed="5" covered="1"/>
            <counter type="CLASS" missed="0" covered="1"/>
        </sourcefile>
        <sourcefile name="&lt;generated&gt;">
            <counter type="INSTRUCTION" missed="169" covered="103"/>
            <counter type="BRANCH" missed="23" covered="5"/>
            <counter type="COMPLEXITY" missed="27" covered="7"/>
            <counter type="METHOD" missed="13" covered="7"/>
            <counter type="CLASS" missed="1" covered="1"/>
        </sourcefile>
        <sourcefile name="Application.java">
            <line nr="21" mi="0" ci="3" mb="0" cb="0"/>
            <line nr="23" mi="0" ci="4" mb="0" cb="0"/>
            <line nr="24" mi="0" ci="1" mb="0" cb="0"/>
            <counter type="INSTRUCTION" missed="0" covered="8"/>
            <counter type="LINE" missed="0" covered="3"/>
            <counter type="COMPLEXITY" missed="0" covered="2"/>
            <counter type="METHOD" missed="0" covered="2"/>
            <counter type="CLASS" missed="0" covered="1"/>
        </sourcefile>
        <counter type="INSTRUCTION" missed="207" covered="117"/>
        <counter type="BRANCH" missed="23" covered="5"/>
        <counter type="LINE" missed="10" covered="6"/>
        <counter type="COMPLEXITY" missed="32" covered="10"/>
        <counter type="METHOD" missed="18" covered="10"/>
        <counter type="CLASS" missed="1" covered="3"/>
    </package>
    <counter type="INSTRUCTION" missed="222" covered="129"/>
    <counter type="BRANCH" missed="23" covered="5"/>
    <counter type="LINE" missed="16" covered="10"/>
    <counter type="COMPLEXITY" missed="38" covered="14"/>
    <counter type="METHOD" missed="24" covered="14"/>
    <counter type="CLASS" missed="1" covered="7"/>
</report>